<?xml version="1.0" encoding="UTF-8"?>
<testsuite xmlns:xsi="http://www.w3.org/2001/XMLSchema-instance" xsi:noNamespaceSchemaLocation="https://maven.apache.org/surefire/maven-surefire-plugin/xsd/surefire-test-report-3.0.xsd" version="3.0" name="com.example.FelineTest" time="0.641" tests="6" errors="0" skipped="0" failures="0">
  <properties>
[...]
</properties>
  <testcase name="getKittensParameterized(int)[1]" classname="com.example.FelineTest" time="0.242"/>
  <testcase name="getKittensParameterized(int)[2]" classname="com.example.FelineTest" time="0.008"/>
  <testcase name="getKittensParameterized(int)[3]" classname="com.example.FelineTest" time="0.007"/>
  <testcase name="eatMeatReturnsCorrectFood" classname="com.example.FelineTest" time="0.016"/>
  <testcase name="getKittensDefaultReturnsOne" classname="com.example.FelineTest" time="0.006"/>
  <testcase name="getFamilyReturnsCats" classname="com.example.FelineTest" time="0.004"/>
</testsuite>